1637166045432	geckodriver	INFO	Listening on 127.0.0.1:53393
1637166045602	mozrunner::runner	INFO	Running command: "/usr/bin/firefox" "--marionette" "--remote-debugging-port" "50633" "-no-remote" "-profile" "/tmp/rust_mozprofilehtvRYR"
Running Firefox as root in a regular user's session is not supported.  ($XAUTHORITY is /home/pc/.Xauthority which is owned by pc.)
1637166111379	geckodriver	INFO	Listening on 127.0.0.1:34173
1637166111556	mozrunner::runner	INFO	Running command: "/usr/bin/firefox" "--marionette" "-no-remote" "-profile" "/tmp/rust_mozprofileFFOY4p"
console.error: Enterprise Policies: 
  Error parsing JSON file
1637166118657	Marionette	INFO	Listening on port 45045
1637166118749	Marionette	WARN	TLS certificate errors will be ignored for this session
JavaScript error: resource://activity-stream/lib/Screenshots.jsm, line 127: TypeError: cache is undefined
JavaScript error: resource://activity-stream/lib/Screenshots.jsm, line 127: TypeError: cache is undefined
JavaScript error: resource://activity-stream/lib/Screenshots.jsm, line 127: TypeError: cache is undefined
JavaScript error: resource://activity-stream/lib/Screenshots.jsm, line 127: TypeError: cache is undefined
JavaScript error: resource://activity-stream/lib/Screenshots.jsm, line 127: TypeError: cache is undefined
JavaScript error: resource://activity-stream/lib/Screenshots.jsm, line 127: TypeError: cache is undefined
JavaScript error: resource://activity-stream/lib/Screenshots.jsm, line 127: TypeError: cache is undefined
JavaScript error: resource://activity-stream/lib/Screenshots.jsm, line 127: TypeError: cache is undefined
JavaScript error: resource://activity-stream/lib/Screenshots.jsm, line 127: TypeError: cache is undefined
JavaScript error: resource://activity-stream/lib/Screenshots.jsm, line 127: TypeError: cache is undefined
JavaScript error: resource://activity-stream/lib/Screenshots.jsm, line 127: TypeError: cache is undefined
JavaScript error: resource://activity-stream/lib/Screenshots.jsm, line 127: TypeError: cache is undefined
JavaScript error: resource://activity-stream/lib/Screenshots.jsm, line 127: TypeError: cache is undefined
JavaScript error: resource://activity-stream/lib/Screenshots.jsm, line 127: TypeError: cache is undefined
JavaScript error: resource://activity-stream/lib/Screenshots.jsm, line 127: TypeError: cache is undefined
JavaScript error: resource://activity-stream/lib/Screenshots.jsm, line 127: TypeError: cache is undefined
JavaScript error: resource://activity-stream/lib/Screenshots.jsm, line 127: TypeError: cache is undefined
JavaScript error: resource://activity-stream/lib/Screenshots.jsm, line 127: TypeError: cache is undefined
JavaScript error: resource://activity-stream/lib/Screenshots.jsm, line 127: TypeError: cache is undefined
JavaScript error: resource://activity-stream/lib/Screenshots.jsm, line 127: TypeError: cache is undefined
JavaScript error: resource://activity-stream/lib/Screenshots.jsm, line 127: TypeError: cache is undefined
JavaScript error: resource://activity-stream/lib/Screenshots.jsm, line 127: TypeError: cache is undefined
JavaScript error: resource://activity-stream/lib/Screenshots.jsm, line 127: TypeError: cache is undefined
JavaScript error: resource://activity-stream/lib/Screenshots.jsm, line 127: TypeError: cache is undefined
JavaScript error: resource://activity-stream/lib/Screenshots.jsm, line 127: TypeError: cache is undefined
JavaScript error: resource://activity-stream/lib/Screenshots.jsm, line 127: TypeError: cache is undefined
JavaScript error: resource://activity-stream/lib/Screenshots.jsm, line 127: TypeError: cache is undefined
JavaScript error: resource://activity-stream/lib/Screenshots.jsm, line 127: TypeError: cache is undefined
JavaScript error: resource://activity-stream/lib/Screenshots.jsm, line 127: TypeError: cache is undefined
JavaScript error: resource://activity-stream/lib/Screenshots.jsm, line 127: TypeError: cache is undefined
JavaScript error: resource://gre/modules/UrlClassifierListManager.jsm, line 691: TypeError: this.tablesData[table] is undefined
1637166142127	Marionette	INFO	Stopped listening on port 45045
1637166175807	geckodriver	INFO	Listening on 127.0.0.1:55381
1637166175969	mozrunner::runner	INFO	Running command: "/usr/bin/firefox" "--marionette" "-no-remote" "-profile" "/tmp/rust_mozprofileyuC7gJ"
console.error: Enterprise Policies: 
  Error parsing JSON file
1637166182847	Marionette	INFO	Listening on port 33583
1637166182876	Marionette	WARN	TLS certificate errors will be ignored for this session
JavaScript error: resource://activity-stream/lib/ActivityStreamPrefs.jsm, line 27: NS_ERROR_ILLEGAL_VALUE: Component returned failure code: 0x80070057 (NS_ERROR_ILLEGAL_VALUE) [nsIPrefBranch.removeObserver]
JavaScript error: resource://gre/modules/UrlClassifierListManager.jsm, line 691: TypeError: this.tablesData[table] is undefined
console.log: "RemoteSettingsWorker error: Error: Can't import when we've started shutting down."
console.log: "RemoteSettingsWorker error: Error: Can't import when we've started shutting down."
console.log: "RemoteSettingsWorker error: Error: Can't import when we've started shutting down."
console.error: SearchEngineSelector: "Received empty search configuration!"
JavaScript error: , line 0: uncaught exception: 2147500037
JavaScript error: , line 0: uncaught exception: 2147500037
JavaScript error: resource://gre/modules/SearchService.jsm, line 509: NS_ERROR_FAILURE: SearchService previously failed to initialize
JavaScript error: , line 0: uncaught exception: 2147500037
JavaScript error: , line 0: uncaught exception: 2147500037
JavaScript error: , line 0: uncaught exception: 2147500037
JavaScript error: , line 0: uncaught exception: 2147500037
JavaScript error: , line 0: uncaught exception: 2147500037
JavaScript error: resource://gre/modules/IndexedDB.jsm, line 370: UnknownError: IDBDatabase.transaction: Can't start IndexedDB transaction during shutdown
1637166195219	Marionette	INFO	Stopped listening on port 33583
JavaScript error: resource://gre/modules/UrlClassifierListManager.jsm, line 446: NS_ERROR_NOT_INITIALIZED: Component returned failure code: 0xc1f30001 (NS_ERROR_NOT_INITIALIZED) [nsIUrlClassifierDBService.getTables]
1637166265304	geckodriver	INFO	Listening on 127.0.0.1:37705
1637166265470	mozrunner::runner	INFO	Running command: "/usr/bin/firefox" "--marionette" "--remote-debugging-port" "35121" "-no-remote" "-profile" "/tmp/rust_mozprofileyh7NOr"
Running Firefox as root in a regular user's session is not supported.  ($XAUTHORITY is /home/pc/.Xauthority which is owned by pc.)
1637166272366	geckodriver	INFO	Listening on 127.0.0.1:58745
1637166272528	mozrunner::runner	INFO	Running command: "/usr/bin/firefox" "--marionette" "-no-remote" "-profile" "/tmp/rust_mozprofilefAovOG"
console.error: Enterprise Policies: 
  Error parsing JSON file
1637166280283	Marionette	INFO	Listening on port 44801
1637166280322	Marionette	WARN	TLS certificate errors will be ignored for this session
JavaScript error: resource://activity-stream/lib/ActivityStreamPrefs.jsm, line 27: NS_ERROR_ILLEGAL_VALUE: Component returned failure code: 0x80070057 (NS_ERROR_ILLEGAL_VALUE) [nsIPrefBranch.removeObserver]
JavaScript error: resource://gre/modules/UrlClassifierListManager.jsm, line 691: TypeError: this.tablesData[table] is undefined
console.log: "RemoteSettingsWorker error: AbortError: IndexedDB:  execute() A request was aborted, for example through a call to IDBTransaction.abort."
console.error: SearchEngineSelector: "Received empty search configuration!"
JavaScript error: resource://gre/modules/AsyncShutdown.jsm, line 554: uncaught exception: 2147500037
JavaScript error: resource://gre/modules/AsyncShutdown.jsm, line 554: uncaught exception: 2147500037
JavaScript error: resource://gre/modules/SearchService.jsm, line 509: NS_ERROR_FAILURE: SearchService previously failed to initialize
JavaScript error: resource://gre/modules/AsyncShutdown.jsm, line 554: uncaught exception: 2147500037
JavaScript error: resource://gre/modules/AsyncShutdown.jsm, line 554: uncaught exception: 2147500037
JavaScript error: resource://gre/modules/AsyncShutdown.jsm, line 554: uncaught exception: 2147500037
JavaScript error: resource://gre/modules/AsyncShutdown.jsm, line 554: uncaught exception: 2147500037
console.log: "RemoteSettingsWorker error: AbortError: IndexedDB:  execute() A request was aborted, for example through a call to IDBTransaction.abort."
1637166290042	Marionette	INFO	Stopped listening on port 44801
JavaScript error: resource://gre/modules/UrlClassifierListManager.jsm, line 446: NS_ERROR_NOT_INITIALIZED: Component returned failure code: 0xc1f30001 (NS_ERROR_NOT_INITIALIZED) [nsIUrlClassifierDBService.getTables]
1637166360313	geckodriver	INFO	Listening on 127.0.0.1:50995
1637166360527	mozrunner::runner	INFO	Running command: "/usr/bin/firefox" "--marionette" "--remote-debugging-port" "55321" "-no-remote" "-profile" "/tmp/rust_mozprofile6mjU2V"
Running Firefox as root in a regular user's session is not supported.  ($XAUTHORITY is /home/pc/.Xauthority which is owned by pc.)
1637166365836	geckodriver	INFO	Listening on 127.0.0.1:59473
1637166366017	mozrunner::runner	INFO	Running command: "/usr/bin/firefox" "--marionette" "-no-remote" "-profile" "/tmp/rust_mozprofilepglb9v"
console.error: Enterprise Policies: 
  Error parsing JSON file
1637166373638	Marionette	INFO	Listening on port 43243
1637166373719	Marionette	WARN	TLS certificate errors will be ignored for this session
JavaScript error: resource://activity-stream/lib/Screenshots.jsm, line 127: TypeError: cache is undefined
JavaScript error: resource://activity-stream/lib/Screenshots.jsm, line 127: TypeError: cache is undefined
JavaScript error: resource://activity-stream/lib/Screenshots.jsm, line 127: TypeError: cache is undefined
JavaScript error: resource://activity-stream/lib/Screenshots.jsm, line 127: TypeError: cache is undefined
JavaScript error: resource://activity-stream/lib/Screenshots.jsm, line 127: TypeError: cache is undefined
JavaScript error: resource://activity-stream/lib/Screenshots.jsm, line 127: TypeError: cache is undefined
JavaScript error: resource://activity-stream/lib/Screenshots.jsm, line 127: TypeError: cache is undefined
JavaScript error: resource://activity-stream/lib/Screenshots.jsm, line 127: TypeError: cache is undefined
JavaScript error: resource://activity-stream/lib/Screenshots.jsm, line 127: TypeError: cache is undefined
JavaScript error: resource://activity-stream/lib/Screenshots.jsm, line 127: TypeError: cache is undefined
JavaScript error: resource://activity-stream/lib/Screenshots.jsm, line 127: TypeError: cache is undefined
JavaScript error: resource://activity-stream/lib/Screenshots.jsm, line 127: TypeError: cache is undefined
JavaScript error: resource://activity-stream/lib/Screenshots.jsm, line 127: TypeError: cache is undefined
JavaScript error: resource://activity-stream/lib/Screenshots.jsm, line 127: TypeError: cache is undefined
JavaScript error: resource://activity-stream/lib/Screenshots.jsm, line 127: TypeError: cache is undefined
JavaScript error: resource://activity-stream/lib/Screenshots.jsm, line 127: TypeError: cache is undefined
JavaScript error: resource://activity-stream/lib/Screenshots.jsm, line 127: TypeError: cache is undefined
JavaScript error: resource://activity-stream/lib/Screenshots.jsm, line 127: TypeError: cache is undefined
JavaScript error: resource://activity-stream/lib/Screenshots.jsm, line 127: TypeError: cache is undefined
JavaScript error: resource://activity-stream/lib/Screenshots.jsm, line 127: TypeError: cache is undefined
JavaScript error: resource://activity-stream/lib/Screenshots.jsm, line 127: TypeError: cache is undefined
JavaScript error: resource://activity-stream/lib/Screenshots.jsm, line 127: TypeError: cache is undefined
JavaScript error: resource://activity-stream/lib/Screenshots.jsm, line 127: TypeError: cache is undefined
JavaScript error: resource://activity-stream/lib/Screenshots.jsm, line 127: TypeError: cache is undefined
JavaScript error: resource://activity-stream/lib/Screenshots.jsm, line 127: TypeError: cache is undefined
JavaScript error: resource://activity-stream/lib/Screenshots.jsm, line 127: TypeError: cache is undefined
JavaScript error: resource://activity-stream/lib/Screenshots.jsm, line 127: TypeError: cache is undefined
JavaScript error: resource://activity-stream/lib/Screenshots.jsm, line 127: TypeError: cache is undefined
JavaScript error: resource://activity-stream/lib/Screenshots.jsm, line 127: TypeError: cache is undefined
JavaScript error: resource://activity-stream/lib/Screenshots.jsm, line 127: TypeError: cache is undefined
JavaScript error: resource://activity-stream/lib/Screenshots.jsm, line 127: TypeError: cache is undefined
JavaScript error: resource://activity-stream/lib/Screenshots.jsm, line 127: TypeError: cache is undefined
JavaScript error: resource://activity-stream/lib/Screenshots.jsm, line 127: TypeError: cache is undefined
JavaScript error: resource://activity-stream/lib/Screenshots.jsm, line 127: TypeError: cache is undefined
JavaScript error: resource://activity-stream/lib/Screenshots.jsm, line 127: TypeError: cache is undefined
JavaScript error: resource://activity-stream/lib/Screenshots.jsm, line 127: TypeError: cache is undefined
JavaScript error: resource://activity-stream/lib/Screenshots.jsm, line 127: TypeError: cache is undefined
JavaScript error: resource://activity-stream/lib/Screenshots.jsm, line 127: TypeError: cache is undefined
JavaScript error: resource://activity-stream/lib/Screenshots.jsm, line 127: TypeError: cache is undefined
JavaScript error: resource://activity-stream/lib/Screenshots.jsm, line 127: TypeError: cache is undefined
JavaScript error: https://secure-ds.serving-sys.com/BurstingCachedScripts//Ad_2_213_3_0/ebStdBanner.js, line 119: TypeError: h is null
JavaScript error: resource://activity-stream/lib/Screenshots.jsm, line 127: TypeError: cache is undefined
JavaScript error: resource://activity-stream/lib/Screenshots.jsm, line 127: TypeError: cache is undefined
JavaScript error: resource://activity-stream/lib/Screenshots.jsm, line 127: TypeError: cache is undefined
JavaScript error: resource://activity-stream/lib/Screenshots.jsm, line 127: TypeError: cache is undefined
JavaScript error: resource://activity-stream/lib/Screenshots.jsm, line 127: TypeError: cache is undefined
1637166404149	Marionette	INFO	Stopped listening on port 43243
IPDL protocol error: Handler returned error code!

###!!! [Parent][DispatchAsyncMessage] Error: PLayerTransaction::Msg_ReleaseLayer Processing error: message was deserialized, but the handler returned false (indicating failure)

IPDL protocol error: Handler returned error code!

###!!! [Parent][DispatchAsyncMessage] Error: PLayerTransaction::Msg_ReleaseLayer Processing error: message was deserialized, but the handler returned false (indicating failure)

JavaScript error: , line 0: TypeError: NetworkError when attempting to fetch resource.
JavaScript error: , line 0: uncaught exception: undefined
1637166468244	geckodriver	INFO	Listening on 127.0.0.1:34815
1637166468448	mozrunner::runner	INFO	Running command: "/usr/bin/firefox" "--marionette" "-no-remote" "-profile" "/tmp/rust_mozprofileBTAyXl"
console.error: Enterprise Policies: 
  Error parsing JSON file
1637166475078	Marionette	INFO	Listening on port 34889
1637166475151	Marionette	WARN	TLS certificate errors will be ignored for this session
JavaScript error: resource://activity-stream/lib/Screenshots.jsm, line 127: TypeError: cache is undefined
JavaScript error: resource://activity-stream/lib/Screenshots.jsm, line 127: TypeError: cache is undefined
JavaScript error: resource://activity-stream/lib/Screenshots.jsm, line 127: TypeError: cache is undefined
JavaScript error: resource://activity-stream/lib/Screenshots.jsm, line 127: TypeError: cache is undefined
JavaScript error: resource://activity-stream/lib/Screenshots.jsm, line 127: TypeError: cache is undefined
JavaScript error: resource://activity-stream/lib/Screenshots.jsm, line 127: TypeError: cache is undefined
JavaScript error: resource://activity-stream/lib/Screenshots.jsm, line 127: TypeError: cache is undefined
JavaScript error: resource://activity-stream/lib/Screenshots.jsm, line 127: TypeError: cache is undefined
JavaScript error: resource://activity-stream/lib/Screenshots.jsm, line 127: TypeError: cache is undefined
JavaScript error: resource://activity-stream/lib/Screenshots.jsm, line 127: TypeError: cache is undefined
JavaScript error: resource://activity-stream/lib/Screenshots.jsm, line 127: TypeError: cache is undefined
JavaScript error: resource://activity-stream/lib/Screenshots.jsm, line 127: TypeError: cache is undefined
JavaScript error: resource://activity-stream/lib/Screenshots.jsm, line 127: TypeError: cache is undefined
JavaScript error: resource://activity-stream/lib/Screenshots.jsm, line 127: TypeError: cache is undefined
JavaScript error: resource://activity-stream/lib/Screenshots.jsm, line 127: TypeError: cache is undefined
JavaScript error: resource://activity-stream/lib/Screenshots.jsm, line 127: TypeError: cache is undefined
JavaScript error: resource://activity-stream/lib/Screenshots.jsm, line 127: TypeError: cache is undefined
JavaScript error: resource://activity-stream/lib/Screenshots.jsm, line 127: TypeError: cache is undefined
JavaScript error: resource://activity-stream/lib/Screenshots.jsm, line 127: TypeError: cache is undefined
JavaScript error: resource://activity-stream/lib/Screenshots.jsm, line 127: TypeError: cache is undefined
JavaScript error: resource://activity-stream/lib/Screenshots.jsm, line 127: TypeError: cache is undefined
JavaScript error: resource://activity-stream/lib/Screenshots.jsm, line 127: TypeError: cache is undefined
JavaScript error: resource://activity-stream/lib/Screenshots.jsm, line 127: TypeError: cache is undefined
JavaScript error: resource://activity-stream/lib/Screenshots.jsm, line 127: TypeError: cache is undefined
JavaScript error: resource://activity-stream/lib/Screenshots.jsm, line 127: TypeError: cache is undefined
JavaScript error: resource://activity-stream/lib/Screenshots.jsm, line 127: TypeError: cache is undefined
JavaScript error: resource://activity-stream/lib/Screenshots.jsm, line 127: TypeError: cache is undefined
JavaScript error: resource://activity-stream/lib/Screenshots.jsm, line 127: TypeError: cache is undefined
JavaScript error: resource://activity-stream/lib/Screenshots.jsm, line 127: TypeError: cache is undefined
JavaScript error: resource://activity-stream/lib/Screenshots.jsm, line 127: TypeError: cache is undefined
JavaScript error: resource://activity-stream/lib/Screenshots.jsm, line 127: TypeError: cache is undefined
JavaScript error: resource://activity-stream/lib/Screenshots.jsm, line 127: TypeError: cache is undefined
JavaScript error: resource://activity-stream/lib/Screenshots.jsm, line 127: TypeError: cache is undefined
JavaScript error: resource://activity-stream/lib/Screenshots.jsm, line 127: TypeError: cache is undefined
JavaScript error: resource://activity-stream/lib/Screenshots.jsm, line 127: TypeError: cache is undefined
JavaScript error: resource://activity-stream/lib/Screenshots.jsm, line 127: TypeError: cache is undefined
JavaScript error: resource://activity-stream/lib/Screenshots.jsm, line 127: TypeError: cache is undefined
JavaScript error: resource://activity-stream/lib/Screenshots.jsm, line 127: TypeError: cache is undefined
JavaScript error: resource://activity-stream/lib/Screenshots.jsm, line 127: TypeError: cache is undefined
JavaScript error: resource://activity-stream/lib/Screenshots.jsm, line 127: TypeError: cache is undefined
JavaScript error: resource://activity-stream/lib/Screenshots.jsm, line 127: TypeError: cache is undefined
JavaScript error: resource://activity-stream/lib/Screenshots.jsm, line 127: TypeError: cache is undefined
JavaScript error: resource://activity-stream/lib/Screenshots.jsm, line 127: TypeError: cache is undefined
JavaScript error: resource://activity-stream/lib/Screenshots.jsm, line 127: TypeError: cache is undefined
JavaScript error: resource://activity-stream/lib/Screenshots.jsm, line 127: TypeError: cache is undefined
JavaScript error: https://secure-ds.serving-sys.com/BurstingCachedScripts//Ad_2_213_3_0/ebStdBanner.js, line 119: TypeError: h is null
1637166506017	Marionette	INFO	Stopped listening on port 34889
JavaScript error: resource://gre/modules/UrlClassifierListManager.jsm, line 691: TypeError: this.tablesData[table] is undefined
IPDL protocol error: Handler returned error code!

###!!! [Parent][DispatchAsyncMessage] Error: PLayerTransaction::Msg_ReleaseLayer Processing error: message was deserialized, but the handler returned false (indicating failure)

IPDL protocol error: Handler returned error code!

###!!! [Parent][DispatchAsyncMessage] Error: PLayerTransaction::Msg_ReleaseLayer Processing error: message was deserialized, but the handler returned false (indicating failure)

JavaScript error: , line 0: TypeError: NetworkError when attempting to fetch resource.
JavaScript error: , line 0: TypeError: NetworkError when attempting to fetch resource.
console.error: (new Error("SessionFile is closed", "resource:///modules/sessionstore/SessionFile.jsm", 433))
1637166634660	geckodriver	INFO	Listening on 127.0.0.1:40825
1637166634825	mozrunner::runner	INFO	Running command: "/usr/bin/firefox" "--marionette" "-no-remote" "-profile" "/tmp/rust_mozprofile5c3z3X"
console.error: Enterprise Policies: 
  Error parsing JSON file
1637166644479	Marionette	INFO	Listening on port 38005
1637166644546	Marionette	WARN	TLS certificate errors will be ignored for this session
JavaScript error: resource://activity-stream/lib/Screenshots.jsm, line 127: TypeError: cache is undefined
JavaScript error: resource://activity-stream/lib/Screenshots.jsm, line 127: TypeError: cache is undefined
JavaScript error: resource://activity-stream/lib/Screenshots.jsm, line 127: TypeError: cache is undefined
JavaScript error: resource://activity-stream/lib/Screenshots.jsm, line 127: TypeError: cache is undefined
JavaScript error: resource://activity-stream/lib/Screenshots.jsm, line 127: TypeError: cache is undefined
JavaScript error: resource://activity-stream/lib/Screenshots.jsm, line 127: TypeError: cache is undefined
JavaScript error: resource://activity-stream/lib/Screenshots.jsm, line 127: TypeError: cache is undefined
JavaScript error: resource://activity-stream/lib/Screenshots.jsm, line 127: TypeError: cache is undefined
JavaScript error: resource://activity-stream/lib/Screenshots.jsm, line 127: TypeError: cache is undefined
JavaScript error: resource://activity-stream/lib/Screenshots.jsm, line 127: TypeError: cache is undefined
JavaScript error: resource://activity-stream/lib/Screenshots.jsm, line 127: TypeError: cache is undefined
JavaScript error: resource://activity-stream/lib/Screenshots.jsm, line 127: TypeError: cache is undefined
JavaScript error: resource://activity-stream/lib/Screenshots.jsm, line 127: TypeError: cache is undefined
JavaScript error: resource://activity-stream/lib/Screenshots.jsm, line 127: TypeError: cache is undefined
JavaScript error: resource://activity-stream/lib/Screenshots.jsm, line 127: TypeError: cache is undefined
JavaScript error: resource://activity-stream/lib/Screenshots.jsm, line 127: TypeError: cache is undefined
JavaScript error: resource://activity-stream/lib/Screenshots.jsm, line 127: TypeError: cache is undefined
JavaScript error: resource://activity-stream/lib/Screenshots.jsm, line 127: TypeError: cache is undefined
JavaScript error: resource://activity-stream/lib/Screenshots.jsm, line 127: TypeError: cache is undefined
JavaScript error: resource://activity-stream/lib/Screenshots.jsm, line 127: TypeError: cache is undefined
JavaScript error: resource://activity-stream/lib/Screenshots.jsm, line 127: TypeError: cache is undefined
JavaScript error: resource://activity-stream/lib/Screenshots.jsm, line 127: TypeError: cache is undefined
JavaScript error: resource://activity-stream/lib/Screenshots.jsm, line 127: TypeError: cache is undefined
JavaScript error: resource://activity-stream/lib/Screenshots.jsm, line 127: TypeError: cache is undefined
JavaScript error: resource://activity-stream/lib/Screenshots.jsm, line 127: TypeError: cache is undefined
JavaScript error: resource://activity-stream/lib/Screenshots.jsm, line 127: TypeError: cache is undefined
JavaScript error: resource://activity-stream/lib/Screenshots.jsm, line 127: TypeError: cache is undefined
JavaScript error: resource://activity-stream/lib/Screenshots.jsm, line 127: TypeError: cache is undefined
JavaScript error: resource://activity-stream/lib/Screenshots.jsm, line 127: TypeError: cache is undefined
JavaScript error: resource://activity-stream/lib/Screenshots.jsm, line 127: TypeError: cache is undefined
JavaScript error: resource://activity-stream/lib/Screenshots.jsm, line 127: TypeError: cache is undefined
JavaScript error: resource://activity-stream/lib/Screenshots.jsm, line 127: TypeError: cache is undefined
JavaScript error: resource://activity-stream/lib/Screenshots.jsm, line 127: TypeError: cache is undefined
JavaScript error: resource://activity-stream/lib/Screenshots.jsm, line 127: TypeError: cache is undefined
JavaScript error: resource://activity-stream/lib/Screenshots.jsm, line 127: TypeError: cache is undefined
JavaScript error: resource://activity-stream/lib/Screenshots.jsm, line 127: TypeError: cache is undefined
JavaScript error: resource://activity-stream/lib/Screenshots.jsm, line 127: TypeError: cache is undefined
JavaScript error: resource://activity-stream/lib/Screenshots.jsm, line 127: TypeError: cache is undefined
JavaScript error: resource://activity-stream/lib/Screenshots.jsm, line 127: TypeError: cache is undefined
JavaScript error: resource://activity-stream/lib/Screenshots.jsm, line 127: TypeError: cache is undefined
1637166674173	Marionette	INFO	Stopped listening on port 38005
IPDL protocol error: Handler returned error code!

###!!! [Parent][DispatchAsyncMessage] Error: PLayerTransaction::Msg_ReleaseLayer Processing error: message was deserialized, but the handler returned false (indicating failure)

IPDL protocol error: Handler returned error code!

###!!! [Parent][DispatchAsyncMessage] Error: PLayerTransaction::Msg_ReleaseLayer Processing error: message was deserialized, but the handler returned false (indicating failure)

JavaScript error: , line 0: TypeError: NetworkError when attempting to fetch resource.
JavaScript error: , line 0: TypeError: NetworkError when attempting to fetch resource.
JavaScript error: , line 0: uncaught exception: undefined
JavaScript error: resource://gre/modules/UrlClassifierListManager.jsm, line 691: TypeError: this.tablesData[table] is undefined
1637167078417	geckodriver	INFO	Listening on 127.0.0.1:32941
1637167078612	mozrunner::runner	INFO	Running command: "/usr/bin/firefox" "--marionette" "headless" "--remote-debugging-port" "52025" "-no-remote" "-profile" "/tmp/rust_mozprofile129ONR"
Running Firefox as root in a regular user's session is not supported.  ($XAUTHORITY is /home/pc/.Xauthority which is owned by pc.)
1637167082189	geckodriver	INFO	Listening on 127.0.0.1:54303
1637167082391	mozrunner::runner	INFO	Running command: "/usr/bin/firefox" "--marionette" "headless" "-no-remote" "-profile" "/tmp/rust_mozprofiledJ6s0n"
console.error: Enterprise Policies: 
  Error parsing JSON file
1637167090900	Marionette	INFO	Listening on port 46285
1637167090908	Marionette	WARN	TLS certificate errors will be ignored for this session
JavaScript error: resource://activity-stream/lib/Screenshots.jsm, line 127: TypeError: cache is undefined
JavaScript error: resource://activity-stream/lib/Screenshots.jsm, line 127: TypeError: cache is undefined
JavaScript error: resource://activity-stream/lib/Screenshots.jsm, line 127: TypeError: cache is undefined
JavaScript error: resource://activity-stream/lib/Screenshots.jsm, line 127: TypeError: cache is undefined
JavaScript error: resource://activity-stream/lib/Screenshots.jsm, line 127: TypeError: cache is undefined
JavaScript error: resource://activity-stream/lib/Screenshots.jsm, line 127: TypeError: cache is undefined
JavaScript error: resource://activity-stream/lib/Screenshots.jsm, line 127: TypeError: cache is undefined
JavaScript error: resource://activity-stream/lib/Screenshots.jsm, line 127: TypeError: cache is undefined
JavaScript error: resource://activity-stream/lib/Screenshots.jsm, line 127: TypeError: cache is undefined
JavaScript error: resource://activity-stream/lib/Screenshots.jsm, line 127: TypeError: cache is undefined
JavaScript error: resource://activity-stream/lib/Screenshots.jsm, line 127: TypeError: cache is undefined
JavaScript error: resource://activity-stream/lib/Screenshots.jsm, line 127: TypeError: cache is undefined
JavaScript error: resource://activity-stream/lib/Screenshots.jsm, line 127: TypeError: cache is undefined
JavaScript error: resource://activity-stream/lib/Screenshots.jsm, line 127: TypeError: cache is undefined
JavaScript error: resource://activity-stream/lib/Screenshots.jsm, line 127: TypeError: cache is undefined
JavaScript error: resource://activity-stream/lib/Screenshots.jsm, line 127: TypeError: cache is undefined
JavaScript error: resource://activity-stream/lib/Screenshots.jsm, line 127: TypeError: cache is undefined
JavaScript error: resource://activity-stream/lib/Screenshots.jsm, line 127: TypeError: cache is undefined
JavaScript error: resource://activity-stream/lib/Screenshots.jsm, line 127: TypeError: cache is undefined
JavaScript error: resource://activity-stream/lib/Screenshots.jsm, line 127: TypeError: cache is undefined
JavaScript error: resource://activity-stream/lib/Screenshots.jsm, line 127: TypeError: cache is undefined
JavaScript error: resource://activity-stream/lib/Screenshots.jsm, line 127: TypeError: cache is undefined
JavaScript error: resource://activity-stream/lib/Screenshots.jsm, line 127: TypeError: cache is undefined
JavaScript error: resource://activity-stream/lib/Screenshots.jsm, line 127: TypeError: cache is undefined
JavaScript error: resource://activity-stream/lib/Screenshots.jsm, line 127: TypeError: cache is undefined
JavaScript error: resource://activity-stream/lib/Screenshots.jsm, line 127: TypeError: cache is undefined
JavaScript error: resource://activity-stream/lib/Screenshots.jsm, line 127: TypeError: cache is undefined
JavaScript error: resource://activity-stream/lib/Screenshots.jsm, line 127: TypeError: cache is undefined
JavaScript error: resource://activity-stream/lib/Screenshots.jsm, line 127: TypeError: cache is undefined
JavaScript error: resource://activity-stream/lib/Screenshots.jsm, line 127: TypeError: cache is undefined
JavaScript error: resource://activity-stream/lib/Screenshots.jsm, line 127: TypeError: cache is undefined
JavaScript error: resource://activity-stream/lib/Screenshots.jsm, line 127: TypeError: cache is undefined
JavaScript error: resource://activity-stream/lib/Screenshots.jsm, line 127: TypeError: cache is undefined
JavaScript error: resource://activity-stream/lib/Screenshots.jsm, line 127: TypeError: cache is undefined
JavaScript error: resource://activity-stream/lib/Screenshots.jsm, line 127: TypeError: cache is undefined
JavaScript error: resource://activity-stream/lib/Screenshots.jsm, line 127: TypeError: cache is undefined
JavaScript error: resource://activity-stream/lib/Screenshots.jsm, line 127: TypeError: cache is undefined
JavaScript error: resource://activity-stream/lib/Screenshots.jsm, line 127: TypeError: cache is undefined
JavaScript error: resource://activity-stream/lib/Screenshots.jsm, line 127: TypeError: cache is undefined
JavaScript error: resource://activity-stream/lib/Screenshots.jsm, line 127: TypeError: cache is undefined
JavaScript error: resource://activity-stream/lib/Screenshots.jsm, line 127: TypeError: cache is undefined
JavaScript error: resource://activity-stream/lib/Screenshots.jsm, line 127: TypeError: cache is undefined
JavaScript error: resource://activity-stream/lib/Screenshots.jsm, line 127: TypeError: cache is undefined
JavaScript error: resource://activity-stream/lib/Screenshots.jsm, line 127: TypeError: cache is undefined
JavaScript error: resource://activity-stream/lib/Screenshots.jsm, line 127: TypeError: cache is undefined
1637167107673	Marionette	INFO	Stopped listening on port 46285
IPDL protocol error: Handler returned error code!

###!!! [Parent][DispatchAsyncMessage] Error: PLayerTransaction::Msg_ReleaseLayer Processing error: message was deserialized, but the handler returned false (indicating failure)

IPDL protocol error: Handler returned error code!

###!!! [Parent][DispatchAsyncMessage] Error: PLayerTransaction::Msg_ReleaseLayer Processing error: message was deserialized, but the handler returned false (indicating failure)

IPDL protocol error: Handler returned error code!

###!!! [Parent][DispatchAsyncMessage] Error: PLayerTransaction::Msg_ReleaseLayer Processing error: message was deserialized, but the handler returned false (indicating failure)

IPDL protocol error: Handler returned error code!

###!!! [Parent][DispatchAsyncMessage] Error: PLayerTransaction::Msg_ReleaseLayer Processing error: message was deserialized, but the handler returned false (indicating failure)

JavaScript error: , line 0: uncaught exception: undefined
JavaScript error: , line 0: TypeError: NetworkError when attempting to fetch resource.
JavaScript error: , line 0: TypeError: NetworkError when attempting to fetch resource.
JavaScript error: , line 0: TypeError: NetworkError when attempting to fetch resource.
JavaScript error: resource://gre/modules/UrlClassifierListManager.jsm, line 691: TypeError: this.tablesData[table] is undefined
console.error: (new Error("SessionFile is closed", "resource:///modules/sessionstore/SessionFile.jsm", 433))
JavaScript error: resource://gre/modules/UrlClassifierListManager.jsm, line 446: NS_ERROR_NOT_INITIALIZED: Component returned failure code: 0xc1f30001 (NS_ERROR_NOT_INITIALIZED) [nsIUrlClassifierDBService.getTables]
1637167195675	geckodriver	INFO	Listening on 127.0.0.1:60197
1637167195849	mozrunner::runner	INFO	Running command: "/usr/bin/firefox" "--marionette" "--headless" "-no-remote" "-profile" "/tmp/rust_mozprofilezcmNF7"
*** You are running in headless mode.
console.error: Enterprise Policies: 
  Error parsing JSON file
1637167202461	Marionette	INFO	Listening on port 34565
1637167202542	Marionette	WARN	TLS certificate errors will be ignored for this session
JavaScript error: resource://activity-stream/lib/Screenshots.jsm, line 127: TypeError: cache is undefined
JavaScript error: resource://activity-stream/lib/Screenshots.jsm, line 127: TypeError: cache is undefined
JavaScript error: resource://activity-stream/lib/Screenshots.jsm, line 127: TypeError: cache is undefined
JavaScript error: resource://activity-stream/lib/Screenshots.jsm, line 127: TypeError: cache is undefined
JavaScript error: resource://activity-stream/lib/Screenshots.jsm, line 127: TypeError: cache is undefined
JavaScript error: resource://activity-stream/lib/Screenshots.jsm, line 127: TypeError: cache is undefined
JavaScript error: resource://activity-stream/lib/Screenshots.jsm, line 127: TypeError: cache is undefined
JavaScript error: resource://activity-stream/lib/Screenshots.jsm, line 127: TypeError: cache is undefined
JavaScript error: resource://activity-stream/lib/Screenshots.jsm, line 127: TypeError: cache is undefined
JavaScript error: resource://activity-stream/lib/Screenshots.jsm, line 127: TypeError: cache is undefined
JavaScript error: resource://activity-stream/lib/Screenshots.jsm, line 127: TypeError: cache is undefined
JavaScript error: resource://activity-stream/lib/Screenshots.jsm, line 127: TypeError: cache is undefined
JavaScript error: resource://activity-stream/lib/Screenshots.jsm, line 127: TypeError: cache is undefined
JavaScript error: resource://activity-stream/lib/Screenshots.jsm, line 127: TypeError: cache is undefined
JavaScript error: resource://activity-stream/lib/Screenshots.jsm, line 127: TypeError: cache is undefined
JavaScript error: resource://activity-stream/lib/Screenshots.jsm, line 127: TypeError: cache is undefined
JavaScript error: resource://activity-stream/lib/Screenshots.jsm, line 127: TypeError: cache is undefined
JavaScript error: resource://activity-stream/lib/Screenshots.jsm, line 127: TypeError: cache is undefined
JavaScript error: resource://activity-stream/lib/Screenshots.jsm, line 127: TypeError: cache is undefined
JavaScript error: resource://activity-stream/lib/Screenshots.jsm, line 127: TypeError: cache is undefined
JavaScript error: resource://activity-stream/lib/Screenshots.jsm, line 127: TypeError: cache is undefined
JavaScript error: resource://activity-stream/lib/Screenshots.jsm, line 127: TypeError: cache is undefined
JavaScript error: resource://activity-stream/lib/Screenshots.jsm, line 127: TypeError: cache is undefined
JavaScript error: resource://activity-stream/lib/Screenshots.jsm, line 127: TypeError: cache is undefined
JavaScript error: resource://activity-stream/lib/Screenshots.jsm, line 127: TypeError: cache is undefined
JavaScript error: resource://activity-stream/lib/Screenshots.jsm, line 127: TypeError: cache is undefined
JavaScript error: resource://activity-stream/lib/Screenshots.jsm, line 127: TypeError: cache is undefined
JavaScript error: resource://activity-stream/lib/Screenshots.jsm, line 127: TypeError: cache is undefined
JavaScript error: resource://activity-stream/lib/Screenshots.jsm, line 127: TypeError: cache is undefined
JavaScript error: resource://activity-stream/lib/Screenshots.jsm, line 127: TypeError: cache is undefined
JavaScript error: resource://activity-stream/lib/Screenshots.jsm, line 127: TypeError: cache is undefined
JavaScript error: resource://activity-stream/lib/Screenshots.jsm, line 127: TypeError: cache is undefined
JavaScript error: resource://activity-stream/lib/Screenshots.jsm, line 127: TypeError: cache is undefined
JavaScript error: resource://activity-stream/lib/Screenshots.jsm, line 127: TypeError: cache is undefined
JavaScript error: resource://activity-stream/lib/Screenshots.jsm, line 127: TypeError: cache is undefined
JavaScript error: resource://activity-stream/lib/Screenshots.jsm, line 127: TypeError: cache is undefined
JavaScript error: resource://activity-stream/lib/Screenshots.jsm, line 127: TypeError: cache is undefined
JavaScript error: resource://activity-stream/lib/Screenshots.jsm, line 127: TypeError: cache is undefined
JavaScript error: resource://activity-stream/lib/Screenshots.jsm, line 127: TypeError: cache is undefined
JavaScript error: resource://activity-stream/lib/Screenshots.jsm, line 127: TypeError: cache is undefined
JavaScript error: resource://activity-stream/lib/Screenshots.jsm, line 127: TypeError: cache is undefined
JavaScript error: resource://activity-stream/lib/Screenshots.jsm, line 127: TypeError: cache is undefined
JavaScript error: resource://activity-stream/lib/Screenshots.jsm, line 127: TypeError: cache is undefined
JavaScript error: resource://activity-stream/lib/Screenshots.jsm, line 127: TypeError: cache is undefined
JavaScript error: resource://activity-stream/lib/Screenshots.jsm, line 127: TypeError: cache is undefined
JavaScript error: resource://activity-stream/lib/Screenshots.jsm, line 127: TypeError: cache is undefined
JavaScript error: resource://activity-stream/lib/Screenshots.jsm, line 127: TypeError: cache is undefined
JavaScript error: resource://activity-stream/lib/Screenshots.jsm, line 127: TypeError: cache is undefined
JavaScript error: resource://activity-stream/lib/Screenshots.jsm, line 127: TypeError: cache is undefined
JavaScript error: resource://activity-stream/lib/Screenshots.jsm, line 127: TypeError: cache is undefined
JavaScript error: resource://activity-stream/lib/Screenshots.jsm, line 127: TypeError: cache is undefined
JavaScript error: resource://activity-stream/lib/Screenshots.jsm, line 127: TypeError: cache is undefined
JavaScript error: resource://activity-stream/lib/Screenshots.jsm, line 127: TypeError: cache is undefined
JavaScript error: resource://activity-stream/lib/Screenshots.jsm, line 127: TypeError: cache is undefined
JavaScript error: resource://activity-stream/lib/Screenshots.jsm, line 127: TypeError: cache is undefined
1637167230212	Marionette	INFO	Stopped listening on port 34565
JavaScript error: , line 0: TypeError: NetworkError when attempting to fetch resource.
JavaScript error: , line 0: TypeError: NetworkError when attempting to fetch resource.
JavaScript error: , line 0: uncaught exception: undefined
JavaScript error: resource://gre/modules/UrlClassifierListManager.jsm, line 691: TypeError: this.tablesData[table] is undefined
1637167319237	geckodriver	INFO	Listening on 127.0.0.1:45037
1637167319413	mozrunner::runner	INFO	Running command: "/usr/bin/firefox" "--marionette" "--headless" "-no-remote" "-profile" "/tmp/rust_mozprofilenUiXvY"
*** You are running in headless mode.
console.error: Enterprise Policies: 
  Error parsing JSON file
Exiting due to channel error.
Exiting due to channel error.
1637167378390	geckodriver	INFO	Listening on 127.0.0.1:33053
1637167378567	mozrunner::runner	INFO	Running command: "/usr/bin/firefox" "--marionette" "--headless" "-no-remote" "-profile" "/tmp/rust_mozprofilejwd1mx"
*** You are running in headless mode.
console.error: Enterprise Policies: 
  Error parsing JSON file
1637167385211	Marionette	INFO	Listening on port 39595
1637167385248	Marionette	WARN	TLS certificate errors will be ignored for this session
JavaScript error: resource://activity-stream/lib/Screenshots.jsm, line 127: TypeError: cache is undefined
JavaScript error: resource://activity-stream/lib/Screenshots.jsm, line 127: TypeError: cache is undefined
JavaScript error: resource://activity-stream/lib/Screenshots.jsm, line 127: TypeError: cache is undefined
JavaScript error: resource://activity-stream/lib/Screenshots.jsm, line 127: TypeError: cache is undefined
JavaScript error: resource://activity-stream/lib/Screenshots.jsm, line 127: TypeError: cache is undefined
JavaScript error: resource://activity-stream/lib/Screenshots.jsm, line 127: TypeError: cache is undefined
JavaScript error: resource://activity-stream/lib/Screenshots.jsm, line 127: TypeError: cache is undefined
JavaScript error: resource://activity-stream/lib/Screenshots.jsm, line 127: TypeError: cache is undefined
JavaScript error: resource://activity-stream/lib/Screenshots.jsm, line 127: TypeError: cache is undefined
JavaScript error: resource://activity-stream/lib/Screenshots.jsm, line 127: TypeError: cache is undefined
JavaScript error: resource://activity-stream/lib/Screenshots.jsm, line 127: TypeError: cache is undefined
JavaScript error: resource://activity-stream/lib/Screenshots.jsm, line 127: TypeError: cache is undefined
JavaScript error: resource://activity-stream/lib/Screenshots.jsm, line 127: TypeError: cache is undefined
JavaScript error: resource://activity-stream/lib/Screenshots.jsm, line 127: TypeError: cache is undefined
JavaScript error: resource://activity-stream/lib/Screenshots.jsm, line 127: TypeError: cache is undefined
JavaScript error: resource://activity-stream/lib/Screenshots.jsm, line 127: TypeError: cache is undefined
JavaScript error: resource://activity-stream/lib/Screenshots.jsm, line 127: TypeError: cache is undefined
JavaScript error: resource://activity-stream/lib/Screenshots.jsm, line 127: TypeError: cache is undefined
JavaScript error: resource://activity-stream/lib/Screenshots.jsm, line 127: TypeError: cache is undefined
JavaScript error: resource://activity-stream/lib/Screenshots.jsm, line 127: TypeError: cache is undefined
JavaScript error: resource://activity-stream/lib/Screenshots.jsm, line 127: TypeError: cache is undefined
JavaScript error: resource://activity-stream/lib/Screenshots.jsm, line 127: TypeError: cache is undefined
JavaScript error: resource://activity-stream/lib/Screenshots.jsm, line 127: TypeError: cache is undefined
JavaScript error: resource://activity-stream/lib/Screenshots.jsm, line 127: TypeError: cache is undefined
JavaScript error: resource://activity-stream/lib/Screenshots.jsm, line 127: TypeError: cache is undefined
JavaScript error: resource://activity-stream/lib/Screenshots.jsm, line 127: TypeError: cache is undefined
JavaScript error: resource://activity-stream/lib/Screenshots.jsm, line 127: TypeError: cache is undefined
JavaScript error: resource://activity-stream/lib/Screenshots.jsm, line 127: TypeError: cache is undefined
JavaScript error: resource://activity-stream/lib/Screenshots.jsm, line 127: TypeError: cache is undefined
JavaScript error: resource://activity-stream/lib/Screenshots.jsm, line 127: TypeError: cache is undefined
JavaScript error: resource://activity-stream/lib/Screenshots.jsm, line 127: TypeError: cache is undefined
JavaScript error: resource://activity-stream/lib/Screenshots.jsm, line 127: TypeError: cache is undefined
JavaScript error: resource://activity-stream/lib/Screenshots.jsm, line 127: TypeError: cache is undefined
JavaScript error: resource://activity-stream/lib/Screenshots.jsm, line 127: TypeError: cache is undefined
JavaScript error: resource://activity-stream/lib/Screenshots.jsm, line 127: TypeError: cache is undefined
1637167402495	Marionette	INFO	Stopped listening on port 39595
JavaScript error: , line 0: TypeError: NetworkError when attempting to fetch resource.
JavaScript error: , line 0: TypeError: NetworkError when attempting to fetch resource.
JavaScript error: , line 0: TypeError: NetworkError when attempting to fetch resource.
JavaScript error: , line 0: uncaught exception: undefined
Exiting due to channel error.
1637167458569	geckodriver	INFO	Listening on 127.0.0.1:41107
1637167458746	mozrunner::runner	INFO	Running command: "/usr/bin/firefox" "--marionette" "--headless" "-no-remote" "-profile" "/tmp/rust_mozprofile7PKYyl"
*** You are running in headless mode.
console.error: Enterprise Policies: 
  Error parsing JSON file
1637167467109	Marionette	INFO	Listening on port 40471
1637167467173	Marionette	WARN	TLS certificate errors will be ignored for this session
JavaScript error: resource://activity-stream/lib/Screenshots.jsm, line 127: TypeError: cache is undefined
JavaScript error: resource://activity-stream/lib/Screenshots.jsm, line 127: TypeError: cache is undefined
JavaScript error: resource://activity-stream/lib/Screenshots.jsm, line 127: TypeError: cache is undefined
JavaScript error: resource://activity-stream/lib/Screenshots.jsm, line 127: TypeError: cache is undefined
JavaScript error: resource://activity-stream/lib/Screenshots.jsm, line 127: TypeError: cache is undefined
JavaScript error: resource://activity-stream/lib/Screenshots.jsm, line 127: TypeError: cache is undefined
JavaScript error: resource://activity-stream/lib/Screenshots.jsm, line 127: TypeError: cache is undefined
JavaScript error: resource://activity-stream/lib/Screenshots.jsm, line 127: TypeError: cache is undefined
JavaScript error: resource://activity-stream/lib/Screenshots.jsm, line 127: TypeError: cache is undefined
JavaScript error: resource://activity-stream/lib/Screenshots.jsm, line 127: TypeError: cache is undefined
JavaScript error: resource://activity-stream/lib/Screenshots.jsm, line 127: TypeError: cache is undefined
JavaScript error: resource://activity-stream/lib/Screenshots.jsm, line 127: TypeError: cache is undefined
JavaScript error: resource://activity-stream/lib/Screenshots.jsm, line 127: TypeError: cache is undefined
JavaScript error: resource://activity-stream/lib/Screenshots.jsm, line 127: TypeError: cache is undefined
JavaScript error: resource://activity-stream/lib/Screenshots.jsm, line 127: TypeError: cache is undefined
JavaScript error: resource://activity-stream/lib/Screenshots.jsm, line 127: TypeError: cache is undefined
JavaScript error: resource://activity-stream/lib/Screenshots.jsm, line 127: TypeError: cache is undefined
JavaScript error: resource://activity-stream/lib/Screenshots.jsm, line 127: TypeError: cache is undefined
JavaScript error: resource://activity-stream/lib/Screenshots.jsm, line 127: TypeError: cache is undefined
JavaScript error: resource://activity-stream/lib/Screenshots.jsm, line 127: TypeError: cache is undefined
JavaScript error: resource://activity-stream/lib/Screenshots.jsm, line 127: TypeError: cache is undefined
JavaScript error: resource://activity-stream/lib/Screenshots.jsm, line 127: TypeError: cache is undefined
JavaScript error: resource://activity-stream/lib/Screenshots.jsm, line 127: TypeError: cache is undefined
JavaScript error: resource://activity-stream/lib/Screenshots.jsm, line 127: TypeError: cache is undefined
JavaScript error: resource://activity-stream/lib/Screenshots.jsm, line 127: TypeError: cache is undefined
JavaScript error: resource://activity-stream/lib/Screenshots.jsm, line 127: TypeError: cache is undefined
JavaScript error: resource://activity-stream/lib/Screenshots.jsm, line 127: TypeError: cache is undefined
JavaScript error: resource://activity-stream/lib/Screenshots.jsm, line 127: TypeError: cache is undefined
JavaScript error: resource://activity-stream/lib/Screenshots.jsm, line 127: TypeError: cache is undefined
JavaScript error: resource://activity-stream/lib/Screenshots.jsm, line 127: TypeError: cache is undefined
JavaScript error: resource://activity-stream/lib/Screenshots.jsm, line 127: TypeError: cache is undefined
JavaScript error: resource://activity-stream/lib/Screenshots.jsm, line 127: TypeError: cache is undefined
JavaScript error: resource://activity-stream/lib/Screenshots.jsm, line 127: TypeError: cache is undefined
JavaScript error: resource://activity-stream/lib/Screenshots.jsm, line 127: TypeError: cache is undefined
JavaScript error: resource://activity-stream/lib/Screenshots.jsm, line 127: TypeError: cache is undefined
JavaScript error: resource://activity-stream/lib/Screenshots.jsm, line 127: TypeError: cache is undefined
JavaScript error: resource://activity-stream/lib/Screenshots.jsm, line 127: TypeError: cache is undefined
JavaScript error: resource://activity-stream/lib/Screenshots.jsm, line 127: TypeError: cache is undefined
JavaScript error: resource://activity-stream/lib/Screenshots.jsm, line 127: TypeError: cache is undefined
JavaScript error: resource://activity-stream/lib/Screenshots.jsm, line 127: TypeError: cache is undefined
JavaScript error: resource://activity-stream/lib/Screenshots.jsm, line 127: TypeError: cache is undefined
JavaScript error: resource://activity-stream/lib/Screenshots.jsm, line 127: TypeError: cache is undefined
JavaScript error: resource://activity-stream/lib/Screenshots.jsm, line 127: TypeError: cache is undefined
JavaScript error: resource://activity-stream/lib/Screenshots.jsm, line 127: TypeError: cache is undefined
JavaScript error: resource://activity-stream/lib/Screenshots.jsm, line 127: TypeError: cache is undefined
JavaScript warning: https://pagead2.googlesyndication.com/bg/W74_wbIuhH6bObXj0uCjode8PwiBrxgOKnAqo6ShAmY.js line 1 > eval line 7496 > eval line 1 > eval line 1 > eval, line 1: WebGL warning: <Create>: Can't use WebGL in headless mode (https://bugzil.la/1375585).
JavaScript warning: https://pagead2.googlesyndication.com/bg/W74_wbIuhH6bObXj0uCjode8PwiBrxgOKnAqo6ShAmY.js line 1 > eval line 7496 > eval line 1 > eval line 1 > eval, line 1: Failed to create WebGL context: WebGL creation failed: 
* Can't use WebGL in headless mode (https://bugzil.la/1375585).
JavaScript error: resource://activity-stream/lib/Screenshots.jsm, line 127: TypeError: cache is undefined
JavaScript error: resource://activity-stream/lib/Screenshots.jsm, line 127: TypeError: cache is undefined
JavaScript error: resource://activity-stream/lib/Screenshots.jsm, line 127: TypeError: cache is undefined
JavaScript error: resource://activity-stream/lib/Screenshots.jsm, line 127: TypeError: cache is undefined
JavaScript error: resource://activity-stream/lib/Screenshots.jsm, line 127: TypeError: cache is undefined
JavaScript warning: https://secure-ds.serving-sys.com/BurstingCachedScripts//Ad_2_213_3_0/ebStdBanner.js, line 119: WebGL warning: <Create>: Can't use WebGL in headless mode (https://bugzil.la/1375585).
JavaScript warning: https://secure-ds.serving-sys.com/BurstingCachedScripts//Ad_2_213_3_0/ebStdBanner.js, line 119: Failed to create WebGL context: WebGL creation failed: 
* Can't use WebGL in headless mode (https://bugzil.la/1375585).
JavaScript error: resource://activity-stream/lib/Screenshots.jsm, line 127: TypeError: cache is undefined
JavaScript error: resource://activity-stream/lib/Screenshots.jsm, line 127: TypeError: cache is undefined
JavaScript error: resource://activity-stream/lib/Screenshots.jsm, line 127: TypeError: cache is undefined
JavaScript error: resource://activity-stream/lib/Screenshots.jsm, line 127: TypeError: cache is undefined
JavaScript error: resource://activity-stream/lib/Screenshots.jsm, line 127: TypeError: cache is undefined
1637167494153	Marionette	INFO	Stopped listening on port 40471
JavaScript error: , line 0: TypeError: NetworkError when attempting to fetch resource.
JavaScript error: , line 0: TypeError: NetworkError when attempting to fetch resource.
JavaScript error: , line 0: TypeError: NetworkError when attempting to fetch resource.
1637167510193	geckodriver	INFO	Listening on 127.0.0.1:35393
1637167510354	mozrunner::runner	INFO	Running command: "/usr/bin/firefox" "--marionette" "--headless" "-no-remote" "-profile" "/tmp/rust_mozprofilewa0ZrI"
*** You are running in headless mode.
console.error: Enterprise Policies: 
  Error parsing JSON file
1637167515756	Marionette	INFO	Listening on port 42203
1637167515824	Marionette	WARN	TLS certificate errors will be ignored for this session
JavaScript error: resource://activity-stream/lib/Screenshots.jsm, line 127: TypeError: cache is undefined
JavaScript error: resource://activity-stream/lib/Screenshots.jsm, line 127: TypeError: cache is undefined
JavaScript error: resource://activity-stream/lib/Screenshots.jsm, line 127: TypeError: cache is undefined
JavaScript error: resource://activity-stream/lib/Screenshots.jsm, line 127: TypeError: cache is undefined
JavaScript error: resource://activity-stream/lib/Screenshots.jsm, line 127: TypeError: cache is undefined
JavaScript error: resource://activity-stream/lib/Screenshots.jsm, line 127: TypeError: cache is undefined
JavaScript error: resource://activity-stream/lib/Screenshots.jsm, line 127: TypeError: cache is undefined
JavaScript error: resource://activity-stream/lib/Screenshots.jsm, line 127: TypeError: cache is undefined
JavaScript error: resource://activity-stream/lib/Screenshots.jsm, line 127: TypeError: cache is undefined
JavaScript error: resource://activity-stream/lib/Screenshots.jsm, line 127: TypeError: cache is undefined
JavaScript error: resource://activity-stream/lib/Screenshots.jsm, line 127: TypeError: cache is undefined
JavaScript error: resource://activity-stream/lib/Screenshots.jsm, line 127: TypeError: cache is undefined
JavaScript error: resource://activity-stream/lib/Screenshots.jsm, line 127: TypeError: cache is undefined
JavaScript error: resource://activity-stream/lib/Screenshots.jsm, line 127: TypeError: cache is undefined
JavaScript error: resource://activity-stream/lib/Screenshots.jsm, line 127: TypeError: cache is undefined
JavaScript error: resource://activity-stream/lib/Screenshots.jsm, line 127: TypeError: cache is undefined
JavaScript error: resource://activity-stream/lib/Screenshots.jsm, line 127: TypeError: cache is undefined
JavaScript error: resource://activity-stream/lib/Screenshots.jsm, line 127: TypeError: cache is undefined
JavaScript error: resource://activity-stream/lib/Screenshots.jsm, line 127: TypeError: cache is undefined
JavaScript error: resource://activity-stream/lib/Screenshots.jsm, line 127: TypeError: cache is undefined
JavaScript error: resource://activity-stream/lib/Screenshots.jsm, line 127: TypeError: cache is undefined
JavaScript error: resource://activity-stream/lib/Screenshots.jsm, line 127: TypeError: cache is undefined
JavaScript error: resource://activity-stream/lib/Screenshots.jsm, line 127: TypeError: cache is undefined
JavaScript error: resource://activity-stream/lib/Screenshots.jsm, line 127: TypeError: cache is undefined
JavaScript error: resource://activity-stream/lib/Screenshots.jsm, line 127: TypeError: cache is undefined
JavaScript error: resource://activity-stream/lib/Screenshots.jsm, line 127: TypeError: cache is undefined
JavaScript error: resource://activity-stream/lib/Screenshots.jsm, line 127: TypeError: cache is undefined
JavaScript error: resource://activity-stream/lib/Screenshots.jsm, line 127: TypeError: cache is undefined
JavaScript error: resource://activity-stream/lib/Screenshots.jsm, line 127: TypeError: cache is undefined
JavaScript error: resource://activity-stream/lib/Screenshots.jsm, line 127: TypeError: cache is undefined
JavaScript error: resource://activity-stream/lib/Screenshots.jsm, line 127: TypeError: cache is undefined
JavaScript error: resource://activity-stream/lib/Screenshots.jsm, line 127: TypeError: cache is undefined
JavaScript error: resource://activity-stream/lib/Screenshots.jsm, line 127: TypeError: cache is undefined
JavaScript error: resource://activity-stream/lib/Screenshots.jsm, line 127: TypeError: cache is undefined
JavaScript error: resource://activity-stream/lib/Screenshots.jsm, line 127: TypeError: cache is undefined
JavaScript error: resource://activity-stream/lib/Screenshots.jsm, line 127: TypeError: cache is undefined
JavaScript error: resource://activity-stream/lib/Screenshots.jsm, line 127: TypeError: cache is undefined
JavaScript error: resource://activity-stream/lib/Screenshots.jsm, line 127: TypeError: cache is undefined
JavaScript error: resource://activity-stream/lib/Screenshots.jsm, line 127: TypeError: cache is undefined
JavaScript error: resource://activity-stream/lib/Screenshots.jsm, line 127: TypeError: cache is undefined
JavaScript warning: https://pagead2.googlesyndication.com/bg/W74_wbIuhH6bObXj0uCjode8PwiBrxgOKnAqo6ShAmY.js line 1 > eval line 6418 > eval line 1 > eval line 1 > eval, line 1: WebGL warning: <Create>: Can't use WebGL in headless mode (https://bugzil.la/1375585).
JavaScript warning: https://pagead2.googlesyndication.com/bg/W74_wbIuhH6bObXj0uCjode8PwiBrxgOKnAqo6ShAmY.js line 1 > eval line 6418 > eval line 1 > eval line 1 > eval, line 1: Failed to create WebGL context: WebGL creation failed: 
* Can't use WebGL in headless mode (https://bugzil.la/1375585).
JavaScript warning: https://secure-ds.serving-sys.com/BurstingCachedScripts//Ad_2_213_3_0/ebStdBanner.js, line 119: WebGL warning: <Create>: Can't use WebGL in headless mode (https://bugzil.la/1375585).
JavaScript warning: https://secure-ds.serving-sys.com/BurstingCachedScripts//Ad_2_213_3_0/ebStdBanner.js, line 119: Failed to create WebGL context: WebGL creation failed: 
* Can't use WebGL in headless mode (https://bugzil.la/1375585).
JavaScript warning: https://pagead2.googlesyndication.com/bg/W74_wbIuhH6bObXj0uCjode8PwiBrxgOKnAqo6ShAmY.js line 1 > eval line 3702 > eval line 1 > eval line 1 > eval, line 1: WebGL warning: <Create>: Can't use WebGL in headless mode (https://bugzil.la/1375585).
JavaScript warning: https://pagead2.googlesyndication.com/bg/W74_wbIuhH6bObXj0uCjode8PwiBrxgOKnAqo6ShAmY.js line 1 > eval line 3702 > eval line 1 > eval line 1 > eval, line 1: Failed to create WebGL context: WebGL creation failed: 
* Can't use WebGL in headless mode (https://bugzil.la/1375585).
JavaScript error: resource://activity-stream/lib/Screenshots.jsm, line 127: TypeError: cache is undefined
JavaScript error: resource://activity-stream/lib/Screenshots.jsm, line 127: TypeError: cache is undefined
JavaScript error: resource://activity-stream/lib/Screenshots.jsm, line 127: TypeError: cache is undefined
JavaScript error: resource://activity-stream/lib/Screenshots.jsm, line 127: TypeError: cache is undefined
JavaScript error: resource://activity-stream/lib/Screenshots.jsm, line 127: TypeError: cache is undefined
1637168040661	geckodriver	INFO	Listening on 127.0.0.1:37207
1637168040827	mozrunner::runner	INFO	Running command: "/usr/bin/firefox" "--marionette" "--headless" "-no-remote" "-profile" "/tmp/rust_mozprofilewX6cg0"
*** You are running in headless mode.
console.error: Enterprise Policies: 
  Error parsing JSON file
1637168056336	Marionette	INFO	Listening on port 44589
1637168056363	Marionette	WARN	TLS certificate errors will be ignored for this session
JavaScript warning: https://pagead2.googlesyndication.com/bg/W74_wbIuhH6bObXj0uCjode8PwiBrxgOKnAqo6ShAmY.js line 1 > eval line 430 > eval line 1 > eval line 1 > eval, line 1: WebGL warning: <Create>: Can't use WebGL in headless mode (https://bugzil.la/1375585).
JavaScript warning: https://pagead2.googlesyndication.com/bg/W74_wbIuhH6bObXj0uCjode8PwiBrxgOKnAqo6ShAmY.js line 1 > eval line 430 > eval line 1 > eval line 1 > eval, line 1: Failed to create WebGL context: WebGL creation failed: 
* Can't use WebGL in headless mode (https://bugzil.la/1375585).
1637168083115	Marionette	INFO	Stopped listening on port 44589
JavaScript error: , line 0: uncaught exception: undefined
JavaScript error: , line 0: TypeError: NetworkError when attempting to fetch resource.
JavaScript error: resource://gre/modules/UrlClassifierListManager.jsm, line 691: TypeError: this.tablesData[table] is undefined
JavaScript error: , line 0: uncaught exception: 2147500036
JavaScript error: , line 0: uncaught exception: 2147500036
JavaScript error: , line 0: uncaught exception: 2147500036
JavaScript error: , line 0: uncaught exception: 2147500036
JavaScript error: , line 0: uncaught exception: 2147500036
JavaScript error: , line 0: uncaught exception: 2147500036
JavaScript error: , line 0: uncaught exception: 2147500036
JavaScript error: , line 0: uncaught exception: 2147500036
JavaScript error: , line 0: uncaught exception: 2147500036
JavaScript error: , line 0: uncaught exception: 2147500036
JavaScript error: , line 0: uncaught exception: 2147500036
JavaScript error: resource://gre/modules/UrlClassifierListManager.jsm, line 446: NS_ERROR_NOT_INITIALIZED: Component returned failure code: 0xc1f30001 (NS_ERROR_NOT_INITIALIZED) [nsIUrlClassifierDBService.getTables]
1637168096542	geckodriver	INFO	Listening on 127.0.0.1:45243
1637168096742	mozrunner::runner	INFO	Running command: "/usr/bin/firefox" "--marionette" "--headless" "-no-remote" "-profile" "/tmp/rust_mozprofilethQ0CZ"
*** You are running in headless mode.
console.error: Enterprise Policies: 
  Error parsing JSON file
1637168102397	Marionette	INFO	Listening on port 36673
1637168102481	Marionette	WARN	TLS certificate errors will be ignored for this session
Exiting due to channel error.
Exiting due to channel error.
Exiting due to channel error.
JavaScript error: resource://activity-stream/lib/Screenshots.jsm, line 127: TypeError: cache is undefined
JavaScript error: resource://activity-stream/lib/Screenshots.jsm, line 127: TypeError: cache is undefined
JavaScript error: resource://activity-stream/lib/Screenshots.jsm, line 127: TypeError: cache is undefined
JavaScript error: resource://activity-stream/lib/Screenshots.jsm, line 127: TypeError: cache is undefined
JavaScript error: resource://activity-stream/lib/Screenshots.jsm, line 127: TypeError: cache is undefined
JavaScript error: resource://activity-stream/lib/Screenshots.jsm, line 127: TypeError: cache is undefined
JavaScript error: resource://activity-stream/lib/Screenshots.jsm, line 127: TypeError: cache is undefined
JavaScript error: resource://activity-stream/lib/Screenshots.jsm, line 127: TypeError: cache is undefined
JavaScript error: resource://activity-stream/lib/Screenshots.jsm, line 127: TypeError: cache is undefined
JavaScript error: resource://activity-stream/lib/Screenshots.jsm, line 127: TypeError: cache is undefined
JavaScript error: resource://activity-stream/lib/Screenshots.jsm, line 127: TypeError: cache is undefined
JavaScript error: resource://activity-stream/lib/Screenshots.jsm, line 127: TypeError: cache is undefined
JavaScript error: resource://activity-stream/lib/Screenshots.jsm, line 127: TypeError: cache is undefined
JavaScript error: resource://activity-stream/lib/Screenshots.jsm, line 127: TypeError: cache is undefined
JavaScript error: resource://activity-stream/lib/Screenshots.jsm, line 127: TypeError: cache is undefined
1637168950455	geckodriver	INFO	Listening on 127.0.0.1:46503
1637168950635	mozrunner::runner	INFO	Running command: "/usr/bin/firefox" "--marionette" "--headless" "-no-remote" "-profile" "/tmp/rust_mozprofileAYyOyZ"
*** You are running in headless mode.
console.error: Enterprise Policies: 
  Error parsing JSON file
1637168957796	Marionette	INFO	Listening on port 45443
1637168957863	Marionette	WARN	TLS certificate errors will be ignored for this session
JavaScript error: resource://activity-stream/lib/Screenshots.jsm, line 127: TypeError: cache is undefined
JavaScript error: resource://activity-stream/lib/Screenshots.jsm, line 127: TypeError: cache is undefined
JavaScript error: resource://activity-stream/lib/Screenshots.jsm, line 127: TypeError: cache is undefined
JavaScript error: resource://activity-stream/lib/Screenshots.jsm, line 127: TypeError: cache is undefined
JavaScript error: resource://activity-stream/lib/Screenshots.jsm, line 127: TypeError: cache is undefined
JavaScript error: resource://activity-stream/lib/Screenshots.jsm, line 127: TypeError: cache is undefined
JavaScript error: resource://activity-stream/lib/Screenshots.jsm, line 127: TypeError: cache is undefined
JavaScript error: resource://activity-stream/lib/Screenshots.jsm, line 127: TypeError: cache is undefined
JavaScript error: resource://activity-stream/lib/Screenshots.jsm, line 127: TypeError: cache is undefined
JavaScript error: resource://activity-stream/lib/Screenshots.jsm, line 127: TypeError: cache is undefined
JavaScript error: resource://activity-stream/lib/Screenshots.jsm, line 127: TypeError: cache is undefined
JavaScript error: resource://activity-stream/lib/Screenshots.jsm, line 127: TypeError: cache is undefined
JavaScript error: resource://activity-stream/lib/Screenshots.jsm, line 127: TypeError: cache is undefined
JavaScript error: resource://activity-stream/lib/Screenshots.jsm, line 127: TypeError: cache is undefined
JavaScript error: resource://activity-stream/lib/Screenshots.jsm, line 127: TypeError: cache is undefined
JavaScript error: resource://activity-stream/lib/Screenshots.jsm, line 127: TypeError: cache is undefined
JavaScript error: resource://activity-stream/lib/Screenshots.jsm, line 127: TypeError: cache is undefined
JavaScript error: resource://activity-stream/lib/Screenshots.jsm, line 127: TypeError: cache is undefined
JavaScript error: resource://activity-stream/lib/Screenshots.jsm, line 127: TypeError: cache is undefined
JavaScript error: resource://activity-stream/lib/Screenshots.jsm, line 127: TypeError: cache is undefined
JavaScript error: resource://activity-stream/lib/Screenshots.jsm, line 127: TypeError: cache is undefined
JavaScript error: resource://activity-stream/lib/Screenshots.jsm, line 127: TypeError: cache is undefined
JavaScript error: resource://activity-stream/lib/Screenshots.jsm, line 127: TypeError: cache is undefined
JavaScript error: resource://activity-stream/lib/Screenshots.jsm, line 127: TypeError: cache is undefined
JavaScript error: resource://activity-stream/lib/Screenshots.jsm, line 127: TypeError: cache is undefined
JavaScript error: resource://activity-stream/lib/Screenshots.jsm, line 127: TypeError: cache is undefined
JavaScript error: resource://activity-stream/lib/Screenshots.jsm, line 127: TypeError: cache is undefined
JavaScript error: resource://activity-stream/lib/Screenshots.jsm, line 127: TypeError: cache is undefined
JavaScript error: resource://activity-stream/lib/Screenshots.jsm, line 127: TypeError: cache is undefined
JavaScript error: resource://activity-stream/lib/Screenshots.jsm, line 127: TypeError: cache is undefined
JavaScript error: resource://activity-stream/lib/Screenshots.jsm, line 127: TypeError: cache is undefined
JavaScript error: resource://activity-stream/lib/Screenshots.jsm, line 127: TypeError: cache is undefined
JavaScript error: resource://activity-stream/lib/Screenshots.jsm, line 127: TypeError: cache is undefined
JavaScript error: resource://activity-stream/lib/Screenshots.jsm, line 127: TypeError: cache is undefined
JavaScript error: resource://activity-stream/lib/Screenshots.jsm, line 127: TypeError: cache is undefined
JavaScript error: resource://activity-stream/lib/Screenshots.jsm, line 127: TypeError: cache is undefined
JavaScript error: resource://activity-stream/lib/Screenshots.jsm, line 127: TypeError: cache is undefined
JavaScript error: resource://activity-stream/lib/Screenshots.jsm, line 127: TypeError: cache is undefined
JavaScript error: resource://activity-stream/lib/Screenshots.jsm, line 127: TypeError: cache is undefined
JavaScript error: resource://activity-stream/lib/Screenshots.jsm, line 127: TypeError: cache is undefined
1637168975987	Marionette	INFO	Stopped listening on port 45443
JavaScript error: , line 0: uncaught exception: undefined
JavaScript error: , line 0: TypeError: NetworkError when attempting to fetch resource.

###!!! [Child][MessageChannel] Error: (msgtype=0x39012B,name=PContent::Msg_ScriptError) Channel closing: too late to send/recv, messages will be lost


###!!! [Child][MessageChannel] Error: (msgtype=0x39012B,name=PContent::Msg_ScriptError) Channel closing: too late to send/recv, messages will be lost

JavaScript error: resource://gre/modules/UrlClassifierListManager.jsm, line 691: TypeError: this.tablesData[table] is undefined
console.error: (new Error("SessionFile is closed", "resource:///modules/sessionstore/SessionFile.jsm", 433))
JavaScript error: resource://activity-stream/lib/Screenshots.jsm, line 127: TypeError: cache is undefined
JavaScript error: resource://activity-stream/lib/Screenshots.jsm, line 127: TypeError: cache is undefined
JavaScript error: resource://activity-stream/lib/Screenshots.jsm, line 127: TypeError: cache is undefined
JavaScript error: resource://activity-stream/lib/Screenshots.jsm, line 127: TypeError: cache is undefined
JavaScript error: resource://activity-stream/lib/Screenshots.jsm, line 127: TypeError: cache is undefined
1637169135854	geckodriver	INFO	Listening on 127.0.0.1:42005
1637169136032	mozrunner::runner	INFO	Running command: "/usr/bin/firefox" "--marionette" "--headless" "-no-remote" "-profile" "/tmp/rust_mozprofilePFUtAe"
*** You are running in headless mode.
console.error: Enterprise Policies: 
  Error parsing JSON file
1637169143295	Marionette	INFO	Listening on port 34949
1637169143392	Marionette	WARN	TLS certificate errors will be ignored for this session
JavaScript error: resource://activity-stream/lib/Screenshots.jsm, line 127: TypeError: cache is undefined
JavaScript error: resource://activity-stream/lib/Screenshots.jsm, line 127: TypeError: cache is undefined
JavaScript error: resource://activity-stream/lib/Screenshots.jsm, line 127: TypeError: cache is undefined
JavaScript error: resource://activity-stream/lib/Screenshots.jsm, line 127: TypeError: cache is undefined
JavaScript error: resource://activity-stream/lib/Screenshots.jsm, line 127: TypeError: cache is undefined
JavaScript error: resource://activity-stream/lib/Screenshots.jsm, line 127: TypeError: cache is undefined
JavaScript error: resource://activity-stream/lib/Screenshots.jsm, line 127: TypeError: cache is undefined
JavaScript error: resource://activity-stream/lib/Screenshots.jsm, line 127: TypeError: cache is undefined
JavaScript error: resource://activity-stream/lib/Screenshots.jsm, line 127: TypeError: cache is undefined
JavaScript error: resource://activity-stream/lib/Screenshots.jsm, line 127: TypeError: cache is undefined
JavaScript error: resource://activity-stream/lib/Screenshots.jsm, line 127: TypeError: cache is undefined
JavaScript error: resource://activity-stream/lib/Screenshots.jsm, line 127: TypeError: cache is undefined
JavaScript error: resource://activity-stream/lib/Screenshots.jsm, line 127: TypeError: cache is undefined
JavaScript error: resource://activity-stream/lib/Screenshots.jsm, line 127: TypeError: cache is undefined
JavaScript error: resource://activity-stream/lib/Screenshots.jsm, line 127: TypeError: cache is undefined
JavaScript error: resource://activity-stream/lib/Screenshots.jsm, line 127: TypeError: cache is undefined
JavaScript error: resource://activity-stream/lib/Screenshots.jsm, line 127: TypeError: cache is undefined
JavaScript error: resource://activity-stream/lib/Screenshots.jsm, line 127: TypeError: cache is undefined
JavaScript error: resource://activity-stream/lib/Screenshots.jsm, line 127: TypeError: cache is undefined
JavaScript error: resource://activity-stream/lib/Screenshots.jsm, line 127: TypeError: cache is undefined
JavaScript error: resource://activity-stream/lib/Screenshots.jsm, line 127: TypeError: cache is undefined
JavaScript error: resource://activity-stream/lib/Screenshots.jsm, line 127: TypeError: cache is undefined
JavaScript error: resource://activity-stream/lib/Screenshots.jsm, line 127: TypeError: cache is undefined
JavaScript error: resource://activity-stream/lib/Screenshots.jsm, line 127: TypeError: cache is undefined
JavaScript error: resource://activity-stream/lib/Screenshots.jsm, line 127: TypeError: cache is undefined
JavaScript error: resource://activity-stream/lib/Screenshots.jsm, line 127: TypeError: cache is undefined
JavaScript error: resource://activity-stream/lib/Screenshots.jsm, line 127: TypeError: cache is undefined
JavaScript error: resource://activity-stream/lib/Screenshots.jsm, line 127: TypeError: cache is undefined
JavaScript error: resource://activity-stream/lib/Screenshots.jsm, line 127: TypeError: cache is undefined
JavaScript error: resource://activity-stream/lib/Screenshots.jsm, line 127: TypeError: cache is undefined
JavaScript error: resource://activity-stream/lib/Screenshots.jsm, line 127: TypeError: cache is undefined
JavaScript error: resource://activity-stream/lib/Screenshots.jsm, line 127: TypeError: cache is undefined
JavaScript error: resource://activity-stream/lib/Screenshots.jsm, line 127: TypeError: cache is undefined
JavaScript error: resource://activity-stream/lib/Screenshots.jsm, line 127: TypeError: cache is undefined
JavaScript error: resource://activity-stream/lib/Screenshots.jsm, line 127: TypeError: cache is undefined
JavaScript error: resource://activity-stream/lib/Screenshots.jsm, line 127: TypeError: cache is undefined
JavaScript error: resource://activity-stream/lib/Screenshots.jsm, line 127: TypeError: cache is undefined
JavaScript error: resource://activity-stream/lib/Screenshots.jsm, line 127: TypeError: cache is undefined
JavaScript error: resource://activity-stream/lib/Screenshots.jsm, line 127: TypeError: cache is undefined
JavaScript error: resource://activity-stream/lib/Screenshots.jsm, line 127: TypeError: cache is undefined
1637169196291	Marionette	INFO	Stopped listening on port 34949

###!!! [Child][RunMessage] Error: Channel closing: too late to send/recv, messages will be lost


###!!! [Child][RunMessage] Error: Channel closing: too late to send/recv, messages will be lost

Exiting due to channel error.
JavaScript error: resource://activity-stream/lib/Screenshots.jsm, line 127: TypeError: cache is undefined
JavaScript error: resource://activity-stream/lib/Screenshots.jsm, line 127: TypeError: cache is undefined
JavaScript error: resource://activity-stream/lib/Screenshots.jsm, line 127: TypeError: cache is undefined
JavaScript error: resource://activity-stream/lib/Screenshots.jsm, line 127: TypeError: cache is undefined
JavaScript error: resource://activity-stream/lib/Screenshots.jsm, line 127: TypeError: cache is undefined
1637169459945	geckodriver	INFO	Listening on 127.0.0.1:40659
1637169460119	mozrunner::runner	INFO	Running command: "/usr/bin/firefox" "--marionette" "--headless" "-no-remote" "-profile" "/tmp/rust_mozprofileMJjUV3"
*** You are running in headless mode.
console.error: Enterprise Policies: 
  Error parsing JSON file
1637169465507	Marionette	INFO	Listening on port 33127
1637169465607	Marionette	WARN	TLS certificate errors will be ignored for this session
JavaScript error: resource://activity-stream/lib/Screenshots.jsm, line 127: TypeError: cache is undefined
JavaScript error: resource://activity-stream/lib/Screenshots.jsm, line 127: TypeError: cache is undefined
JavaScript error: resource://activity-stream/lib/Screenshots.jsm, line 127: TypeError: cache is undefined
JavaScript error: resource://activity-stream/lib/Screenshots.jsm, line 127: TypeError: cache is undefined
JavaScript error: resource://activity-stream/lib/Screenshots.jsm, line 127: TypeError: cache is undefined
JavaScript error: resource://activity-stream/lib/Screenshots.jsm, line 127: TypeError: cache is undefined
JavaScript error: resource://activity-stream/lib/Screenshots.jsm, line 127: TypeError: cache is undefined
JavaScript error: resource://activity-stream/lib/Screenshots.jsm, line 127: TypeError: cache is undefined
JavaScript error: resource://activity-stream/lib/Screenshots.jsm, line 127: TypeError: cache is undefined
JavaScript error: resource://activity-stream/lib/Screenshots.jsm, line 127: TypeError: cache is undefined
JavaScript error: resource://activity-stream/lib/Screenshots.jsm, line 127: TypeError: cache is undefined
JavaScript error: resource://activity-stream/lib/Screenshots.jsm, line 127: TypeError: cache is undefined
JavaScript error: resource://activity-stream/lib/Screenshots.jsm, line 127: TypeError: cache is undefined
JavaScript error: resource://activity-stream/lib/Screenshots.jsm, line 127: TypeError: cache is undefined
JavaScript error: resource://activity-stream/lib/Screenshots.jsm, line 127: TypeError: cache is undefined
JavaScript error: resource://activity-stream/lib/Screenshots.jsm, line 127: TypeError: cache is undefined
JavaScript error: resource://activity-stream/lib/Screenshots.jsm, line 127: TypeError: cache is undefined
JavaScript error: resource://activity-stream/lib/Screenshots.jsm, line 127: TypeError: cache is undefined
JavaScript error: resource://activity-stream/lib/Screenshots.jsm, line 127: TypeError: cache is undefined
JavaScript error: resource://activity-stream/lib/Screenshots.jsm, line 127: TypeError: cache is undefined
JavaScript error: resource://activity-stream/lib/Screenshots.jsm, line 127: TypeError: cache is undefined
JavaScript error: resource://activity-stream/lib/Screenshots.jsm, line 127: TypeError: cache is undefined
JavaScript error: resource://activity-stream/lib/Screenshots.jsm, line 127: TypeError: cache is undefined
JavaScript error: resource://activity-stream/lib/Screenshots.jsm, line 127: TypeError: cache is undefined
JavaScript error: resource://activity-stream/lib/Screenshots.jsm, line 127: TypeError: cache is undefined
JavaScript error: resource://activity-stream/lib/Screenshots.jsm, line 127: TypeError: cache is undefined
JavaScript error: resource://activity-stream/lib/Screenshots.jsm, line 127: TypeError: cache is undefined
JavaScript error: resource://activity-stream/lib/Screenshots.jsm, line 127: TypeError: cache is undefined
JavaScript error: resource://activity-stream/lib/Screenshots.jsm, line 127: TypeError: cache is undefined
JavaScript error: resource://activity-stream/lib/Screenshots.jsm, line 127: TypeError: cache is undefined
JavaScript error: resource://activity-stream/lib/Screenshots.jsm, line 127: TypeError: cache is undefined
JavaScript error: resource://activity-stream/lib/Screenshots.jsm, line 127: TypeError: cache is undefined
JavaScript error: resource://activity-stream/lib/Screenshots.jsm, line 127: TypeError: cache is undefined
JavaScript error: resource://activity-stream/lib/Screenshots.jsm, line 127: TypeError: cache is undefined
JavaScript error: resource://activity-stream/lib/Screenshots.jsm, line 127: TypeError: cache is undefined
JavaScript error: resource://activity-stream/lib/Screenshots.jsm, line 127: TypeError: cache is undefined
JavaScript error: resource://activity-stream/lib/Screenshots.jsm, line 127: TypeError: cache is undefined
JavaScript error: resource://activity-stream/lib/Screenshots.jsm, line 127: TypeError: cache is undefined
JavaScript error: resource://activity-stream/lib/Screenshots.jsm, line 127: TypeError: cache is undefined
JavaScript error: resource://activity-stream/lib/Screenshots.jsm, line 127: TypeError: cache is undefined
JavaScript error: resource://activity-stream/lib/Screenshots.jsm, line 127: TypeError: cache is undefined
JavaScript error: resource://activity-stream/lib/Screenshots.jsm, line 127: TypeError: cache is undefined
JavaScript error: resource://activity-stream/lib/Screenshots.jsm, line 127: TypeError: cache is undefined
JavaScript error: resource://activity-stream/lib/Screenshots.jsm, line 127: TypeError: cache is undefined
JavaScript error: resource://activity-stream/lib/Screenshots.jsm, line 127: TypeError: cache is undefined
JavaScript error: resource://activity-stream/lib/Screenshots.jsm, line 127: TypeError: cache is undefined
JavaScript error: resource://activity-stream/lib/Screenshots.jsm, line 127: TypeError: cache is undefined
JavaScript error: resource://activity-stream/lib/Screenshots.jsm, line 127: TypeError: cache is undefined
JavaScript error: resource://activity-stream/lib/Screenshots.jsm, line 127: TypeError: cache is undefined
JavaScript error: resource://activity-stream/lib/Screenshots.jsm, line 127: TypeError: cache is undefined
JavaScript warning: https://pagead2.googlesyndication.com/bg/W74_wbIuhH6bObXj0uCjode8PwiBrxgOKnAqo6ShAmY.js line 1 > eval line 4134 > eval line 1 > eval line 1 > eval, line 1: WebGL warning: <Create>: Can't use WebGL in headless mode (https://bugzil.la/1375585).
JavaScript warning: https://pagead2.googlesyndication.com/bg/W74_wbIuhH6bObXj0uCjode8PwiBrxgOKnAqo6ShAmY.js line 1 > eval line 4134 > eval line 1 > eval line 1 > eval, line 1: Failed to create WebGL context: WebGL creation failed: 
* Can't use WebGL in headless mode (https://bugzil.la/1375585).
1637169511521	Marionette	INFO	Stopped listening on port 33127
JavaScript error: , line 0: TypeError: NetworkError when attempting to fetch resource.
JavaScript error: , line 0: TypeError: NetworkError when attempting to fetch resource.
JavaScript error: , line 0: uncaught exception: undefined
JavaScript error: resource://gre/modules/UrlClassifierListManager.jsm, line 691: TypeError: this.tablesData[table] is undefined
console.error: (new Error("SessionFile is closed", "resource:///modules/sessionstore/SessionFile.jsm", 433))
JavaScript error: resource://activity-stream/lib/Screenshots.jsm, line 127: TypeError: cache is undefined
JavaScript error: resource://activity-stream/lib/Screenshots.jsm, line 127: TypeError: cache is undefined
JavaScript error: resource://activity-stream/lib/Screenshots.jsm, line 127: TypeError: cache is undefined
JavaScript error: resource://activity-stream/lib/Screenshots.jsm, line 127: TypeError: cache is undefined
JavaScript error: resource://activity-stream/lib/Screenshots.jsm, line 127: TypeError: cache is undefined
1637169869169	geckodriver	INFO	Listening on 127.0.0.1:54679
1637169869362	mozrunner::runner	INFO	Running command: "/usr/bin/firefox" "--marionette" "--headless" "-no-remote" "-profile" "/tmp/rust_mozprofileVzqMTX"
Running Firefox as root in a regular user's session is not supported.  ($XAUTHORITY is /home/pc/.Xauthority which is owned by pc.)
1637169934435	geckodriver	INFO	Listening on 127.0.0.1:38899
1637169934618	mozrunner::runner	INFO	Running command: "/usr/bin/firefox" "--marionette" "--headless" "-no-remote" "-profile" "/tmp/rust_mozprofilesREufg"
*** You are running in headless mode.
console.error: Enterprise Policies: 
  Error parsing JSON file
1637169941487	Marionette	INFO	Listening on port 43615
1637169941499	Marionette	WARN	TLS certificate errors will be ignored for this session
JavaScript warning: https://pt.flightaware.com/live/map line 1 > scriptElement, line 1: WebGL warning: <Create>: Can't use WebGL in headless mode (https://bugzil.la/1375585).
JavaScript warning: https://pt.flightaware.com/live/map line 1 > scriptElement, line 1: Failed to create WebGL context: WebGL creation failed: 
* Can't use WebGL in headless mode (https://bugzil.la/1375585).
JavaScript warning: https://pt.flightaware.com/live/map line 1 > scriptElement, line 1: WebGL warning: <Create>: Can't use WebGL in headless mode (https://bugzil.la/1375585).
JavaScript warning: https://pt.flightaware.com/live/map line 1 > scriptElement, line 1: Failed to create WebGL context: WebGL creation failed: 
* Can't use WebGL in headless mode (https://bugzil.la/1375585).
JavaScript error: resource://activity-stream/lib/Screenshots.jsm, line 127: TypeError: cache is undefined
JavaScript error: resource://activity-stream/lib/Screenshots.jsm, line 127: TypeError: cache is undefined
JavaScript error: resource://activity-stream/lib/Screenshots.jsm, line 127: TypeError: cache is undefined
JavaScript error: resource://activity-stream/lib/Screenshots.jsm, line 127: TypeError: cache is undefined
JavaScript error: resource://activity-stream/lib/Screenshots.jsm, line 127: TypeError: cache is undefined
JavaScript error: resource://activity-stream/lib/Screenshots.jsm, line 127: TypeError: cache is undefined
JavaScript error: resource://activity-stream/lib/Screenshots.jsm, line 127: TypeError: cache is undefined
JavaScript error: resource://activity-stream/lib/Screenshots.jsm, line 127: TypeError: cache is undefined
JavaScript error: resource://activity-stream/lib/Screenshots.jsm, line 127: TypeError: cache is undefined
JavaScript error: resource://activity-stream/lib/Screenshots.jsm, line 127: TypeError: cache is undefined
JavaScript error: resource://activity-stream/lib/Screenshots.jsm, line 127: TypeError: cache is undefined
JavaScript error: resource://activity-stream/lib/Screenshots.jsm, line 127: TypeError: cache is undefined
JavaScript error: resource://activity-stream/lib/Screenshots.jsm, line 127: TypeError: cache is undefined
JavaScript error: resource://activity-stream/lib/Screenshots.jsm, line 127: TypeError: cache is undefined
JavaScript error: resource://activity-stream/lib/Screenshots.jsm, line 127: TypeError: cache is undefined
JavaScript error: resource://activity-stream/lib/Screenshots.jsm, line 127: TypeError: cache is undefined
JavaScript error: resource://activity-stream/lib/Screenshots.jsm, line 127: TypeError: cache is undefined
JavaScript error: resource://activity-stream/lib/Screenshots.jsm, line 127: TypeError: cache is undefined
JavaScript error: resource://activity-stream/lib/Screenshots.jsm, line 127: TypeError: cache is undefined
JavaScript error: resource://activity-stream/lib/Screenshots.jsm, line 127: TypeError: cache is undefined
JavaScript error: resource://activity-stream/lib/Screenshots.jsm, line 127: TypeError: cache is undefined
JavaScript error: resource://activity-stream/lib/Screenshots.jsm, line 127: TypeError: cache is undefined
JavaScript error: resource://activity-stream/lib/Screenshots.jsm, line 127: TypeError: cache is undefined
JavaScript error: resource://activity-stream/lib/Screenshots.jsm, line 127: TypeError: cache is undefined
JavaScript error: resource://activity-stream/lib/Screenshots.jsm, line 127: TypeError: cache is undefined
JavaScript error: resource://activity-stream/lib/Screenshots.jsm, line 127: TypeError: cache is undefined
JavaScript error: resource://activity-stream/lib/Screenshots.jsm, line 127: TypeError: cache is undefined
JavaScript error: resource://activity-stream/lib/Screenshots.jsm, line 127: TypeError: cache is undefined
JavaScript error: resource://activity-stream/lib/Screenshots.jsm, line 127: TypeError: cache is undefined
JavaScript error: resource://activity-stream/lib/Screenshots.jsm, line 127: TypeError: cache is undefined
JavaScript error: resource://activity-stream/lib/Screenshots.jsm, line 127: TypeError: cache is undefined
JavaScript error: resource://activity-stream/lib/Screenshots.jsm, line 127: TypeError: cache is undefined
JavaScript error: resource://activity-stream/lib/Screenshots.jsm, line 127: TypeError: cache is undefined
JavaScript error: resource://activity-stream/lib/Screenshots.jsm, line 127: TypeError: cache is undefined
JavaScript error: resource://activity-stream/lib/Screenshots.jsm, line 127: TypeError: cache is undefined
JavaScript error: resource://activity-stream/lib/Screenshots.jsm, line 127: TypeError: cache is undefined
JavaScript error: resource://activity-stream/lib/Screenshots.jsm, line 127: TypeError: cache is undefined
JavaScript error: resource://activity-stream/lib/Screenshots.jsm, line 127: TypeError: cache is undefined
JavaScript error: resource://activity-stream/lib/Screenshots.jsm, line 127: TypeError: cache is undefined
JavaScript error: resource://activity-stream/lib/Screenshots.jsm, line 127: TypeError: cache is undefined
JavaScript error: resource://activity-stream/lib/Screenshots.jsm, line 127: TypeError: cache is undefined
JavaScript error: resource://activity-stream/lib/Screenshots.jsm, line 127: TypeError: cache is undefined
JavaScript error: resource://activity-stream/lib/Screenshots.jsm, line 127: TypeError: cache is undefined
JavaScript error: resource://activity-stream/lib/Screenshots.jsm, line 127: TypeError: cache is undefined
JavaScript error: resource://activity-stream/lib/Screenshots.jsm, line 127: TypeError: cache is undefined
JavaScript warning: https://pagead2.googlesyndication.com/bg/W74_wbIuhH6bObXj0uCjode8PwiBrxgOKnAqo6ShAmY.js line 1 > eval line 6986 > eval line 1 > eval line 1 > eval, line 1: WebGL warning: <Create>: Can't use WebGL in headless mode (https://bugzil.la/1375585).
JavaScript warning: https://pagead2.googlesyndication.com/bg/W74_wbIuhH6bObXj0uCjode8PwiBrxgOKnAqo6ShAmY.js line 1 > eval line 6986 > eval line 1 > eval line 1 > eval, line 1: Failed to create WebGL context: WebGL creation failed: 
* Can't use WebGL in headless mode (https://bugzil.la/1375585).
1637169978047	Marionette	INFO	Stopped listening on port 43615
JavaScript error: resource://gre/modules/UrlClassifierListManager.jsm, line 691: TypeError: this.tablesData[table] is undefined
JavaScript error: , line 0: TypeError: NetworkError when attempting to fetch resource.
JavaScript error: , line 0: TypeError: NetworkError when attempting to fetch resource.
JavaScript error: , line 0: uncaught exception: undefined
console.error: (new Error("SessionFile is closed", "resource:///modules/sessionstore/SessionFile.jsm", 433))
1637170110217	geckodriver	INFO	Listening on 127.0.0.1:39347
1637170110394	mozrunner::runner	INFO	Running command: "/usr/bin/firefox" "--marionette" "--headless" "-no-remote" "-profile" "/tmp/rust_mozprofileHp9yio"
*** You are running in headless mode.
console.error: Enterprise Policies: 
  Error parsing JSON file
1637170120533	Marionette	INFO	Listening on port 40539
1637170120659	Marionette	WARN	TLS certificate errors will be ignored for this session
JavaScript error: resource://activity-stream/lib/Screenshots.jsm, line 127: TypeError: cache is undefined
JavaScript error: resource://activity-stream/lib/Screenshots.jsm, line 127: TypeError: cache is undefined
JavaScript error: resource://activity-stream/lib/Screenshots.jsm, line 127: TypeError: cache is undefined
JavaScript error: resource://activity-stream/lib/Screenshots.jsm, line 127: TypeError: cache is undefined
JavaScript error: resource://activity-stream/lib/Screenshots.jsm, line 127: TypeError: cache is undefined
JavaScript error: resource://activity-stream/lib/Screenshots.jsm, line 127: TypeError: cache is undefined
JavaScript error: resource://activity-stream/lib/Screenshots.jsm, line 127: TypeError: cache is undefined
JavaScript error: resource://activity-stream/lib/Screenshots.jsm, line 127: TypeError: cache is undefined
JavaScript error: resource://activity-stream/lib/Screenshots.jsm, line 127: TypeError: cache is undefined
JavaScript error: resource://activity-stream/lib/Screenshots.jsm, line 127: TypeError: cache is undefined
JavaScript error: resource://activity-stream/lib/Screenshots.jsm, line 127: TypeError: cache is undefined
JavaScript error: resource://activity-stream/lib/Screenshots.jsm, line 127: TypeError: cache is undefined
JavaScript error: resource://activity-stream/lib/Screenshots.jsm, line 127: TypeError: cache is undefined
JavaScript error: resource://activity-stream/lib/Screenshots.jsm, line 127: TypeError: cache is undefined
JavaScript error: resource://activity-stream/lib/Screenshots.jsm, line 127: TypeError: cache is undefined
JavaScript error: resource://activity-stream/lib/Screenshots.jsm, line 127: TypeError: cache is undefined
JavaScript error: resource://activity-stream/lib/Screenshots.jsm, line 127: TypeError: cache is undefined
JavaScript error: resource://activity-stream/lib/Screenshots.jsm, line 127: TypeError: cache is undefined
JavaScript error: resource://activity-stream/lib/Screenshots.jsm, line 127: TypeError: cache is undefined
JavaScript error: resource://activity-stream/lib/Screenshots.jsm, line 127: TypeError: cache is undefined
JavaScript error: resource://activity-stream/lib/Screenshots.jsm, line 127: TypeError: cache is undefined
JavaScript error: resource://activity-stream/lib/Screenshots.jsm, line 127: TypeError: cache is undefined
JavaScript error: resource://activity-stream/lib/Screenshots.jsm, line 127: TypeError: cache is undefined
JavaScript error: resource://activity-stream/lib/Screenshots.jsm, line 127: TypeError: cache is undefined
JavaScript error: resource://activity-stream/lib/Screenshots.jsm, line 127: TypeError: cache is undefined
JavaScript error: resource://activity-stream/lib/Screenshots.jsm, line 127: TypeError: cache is undefined
JavaScript error: resource://activity-stream/lib/Screenshots.jsm, line 127: TypeError: cache is undefined
JavaScript error: resource://activity-stream/lib/Screenshots.jsm, line 127: TypeError: cache is undefined
JavaScript error: resource://activity-stream/lib/Screenshots.jsm, line 127: TypeError: cache is undefined
JavaScript error: resource://activity-stream/lib/Screenshots.jsm, line 127: TypeError: cache is undefined
JavaScript error: resource://activity-stream/lib/Screenshots.jsm, line 127: TypeError: cache is undefined
JavaScript error: resource://activity-stream/lib/Screenshots.jsm, line 127: TypeError: cache is undefined
JavaScript error: resource://activity-stream/lib/Screenshots.jsm, line 127: TypeError: cache is undefined
JavaScript error: resource://activity-stream/lib/Screenshots.jsm, line 127: TypeError: cache is undefined
JavaScript error: resource://activity-stream/lib/Screenshots.jsm, line 127: TypeError: cache is undefined
JavaScript error: resource://activity-stream/lib/Screenshots.jsm, line 127: TypeError: cache is undefined
JavaScript error: resource://activity-stream/lib/Screenshots.jsm, line 127: TypeError: cache is undefined
JavaScript error: resource://activity-stream/lib/Screenshots.jsm, line 127: TypeError: cache is undefined
JavaScript error: resource://activity-stream/lib/Screenshots.jsm, line 127: TypeError: cache is undefined
JavaScript error: resource://activity-stream/lib/Screenshots.jsm, line 127: TypeError: cache is undefined
JavaScript error: resource://activity-stream/lib/Screenshots.jsm, line 127: TypeError: cache is undefined
JavaScript error: resource://activity-stream/lib/Screenshots.jsm, line 127: TypeError: cache is undefined
JavaScript error: resource://activity-stream/lib/Screenshots.jsm, line 127: TypeError: cache is undefined
JavaScript error: resource://activity-stream/lib/Screenshots.jsm, line 127: TypeError: cache is undefined
JavaScript error: resource://activity-stream/lib/Screenshots.jsm, line 127: TypeError: cache is undefined
JavaScript warning: https://pagead2.googlesyndication.com/bg/W74_wbIuhH6bObXj0uCjode8PwiBrxgOKnAqo6ShAmY.js line 1 > eval line 7811 > eval line 1 > eval line 1 > eval, line 1: WebGL warning: <Create>: Can't use WebGL in headless mode (https://bugzil.la/1375585).
JavaScript warning: https://pagead2.googlesyndication.com/bg/W74_wbIuhH6bObXj0uCjode8PwiBrxgOKnAqo6ShAmY.js line 1 > eval line 7811 > eval line 1 > eval line 1 > eval, line 1: Failed to create WebGL context: WebGL creation failed: 
* Can't use WebGL in headless mode (https://bugzil.la/1375585).
1637170172772	Marionette	INFO	Stopped listening on port 40539
JavaScript error: https://secure.quantserve.com/quant.js, line 2: NS_ERROR_UNEXPECTED: 
JavaScript error: , line 0: TypeError: NetworkError when attempting to fetch resource.
JavaScript error: resource://gre/modules/UrlClassifierListManager.jsm, line 691: TypeError: this.tablesData[table] is undefined
console.error: (new Error("SessionFile is closed", "resource:///modules/sessionstore/SessionFile.jsm", 433))
